<?xml version="1.0" encoding="UTF-8"?>
<!-- Generated by org.testng.reporters.JUnitXMLReporter -->
<testsuite hostname="LAPTOP-MBB7JRKJ" ignored="8" tests="0" failures="0" timestamp="09 Jan 2021 22:07:05 GMT" time="0.006" errors="0">
  <testcase name="launch" time="0.0" classname="demoTestNg.GroupingDemo">
    <ignored/>
  </testcase> <!-- launch -->
  <testcase name="createUser" time="0.0" classname="demoTestNg.GroupingDemo">
    <ignored/>
  </testcase> <!-- createUser -->
  <testcase name="checkout" time="0.0" classname="demoTestNg.GroupingDemo">
    <ignored/>
  </testcase> <!-- checkout -->
  <testcase name="search" time="0.0" classname="demoTestNg.GroupingDemo">
    <ignored/>
  </testcase> <!-- search -->
  <testcase name="addItem" time="0.0" classname="demoTestNg.GroupingDemo">
    <ignored/>
  </testcase> <!-- addItem -->
  <testcase name="logoutAndClose" time="0.0" classname="demoTestNg.GroupingDemo">
    <ignored/>
  </testcase> <!-- logoutAndClose -->
  <testcase name="removeUser" time="0.0" classname="demoTestNg.GroupingDemo">
    <ignored/>
  </testcase> <!-- removeUser -->
  <testcase name="tc8" time="0.0" classname="demoTestNg.GroupingDemo">
    <ignored/>
  </testcase> <!-- tc8 -->
</testsuite>
