<?xml version="1.0" encoding="UTF-8"?>
<!-- Generated by org.testng.reporters.JUnitXMLReporter -->
<testsuite hostname="LAPTOP-MBB7JRKJ" ignored="0" name="two_1seperatexmls" tests="4" failures="0" timestamp="09 Jan 2021 16:06:13 GMT" time="33.629" errors="0">
  <testcase name="launchbrowser" time="15.986" classname="demoTestNg.sampletest"/>
  <testcase name="search" time="17.629" classname="demoTestNg.sampletest"/>
  <testcase name="createuser" time="0.001" classname="demoTestNg.sampletest"/>
  <testcase name="logout" time="0.002" classname="demoTestNg.sampletest"/>
</testsuite> <!-- two_1seperatexmls -->
