<?xml version="1.0" encoding="UTF-8"?>
<!-- Generated by org.testng.reporters.JUnitXMLReporter -->
<testsuite hostname="LAPTOP-MBB7JRKJ" ignored="0" name="twoseperatexmls" tests="3" failures="0" timestamp="09 Jan 2021 16:05:39 GMT" time="0.077" errors="0">
  <testcase name="login" time="0.007" classname="demoTestNg.BeforeAndAfterAnnotation"/>
  <testcase name="search" time="0.002" classname="demoTestNg.BeforeAndAfterAnnotation"/>
  <testcase name="createuser" time="0.005" classname="demoTestNg.BeforeAndAfterAnnotation"/>
</testsuite> <!-- twoseperatexmls -->
