<?xml version="1.0" encoding="UTF-8"?>
<!-- Generated by org.testng.reporters.JUnitXMLReporter -->
<testsuite hostname="LAPTOP-MBB7JRKJ" ignored="0" name="Firstxmlxml" tests="3" failures="0" timestamp="09 Jan 2021 15:53:48 GMT" time="0.132" errors="0">
  <testcase name="login" time="0.012" classname="demoTestNg.BeforeAndAfterAnnotation"/>
  <testcase name="search" time="0.003" classname="demoTestNg.BeforeAndAfterAnnotation"/>
  <testcase name="createuser" time="0.003" classname="demoTestNg.BeforeAndAfterAnnotation"/>
</testsuite> <!-- Firstxmlxml -->
