<?xml version="1.0" encoding="UTF-8"?>
<!-- Generated by org.testng.reporters.JUnitXMLReporter -->
<testsuite hostname="LAPTOP-MBB7JRKJ" ignored="0" name="scondxml" tests="4" failures="0" timestamp="09 Jan 2021 15:54:04 GMT" time="16.028" errors="0">
  <testcase name="launchbrowser" time="11.057" classname="demoTestNg.sampletest"/>
  <testcase name="search" time="4.957" classname="demoTestNg.sampletest"/>
  <testcase name="createuser" time="0.001" classname="demoTestNg.sampletest"/>
  <testcase name="logout" time="0.001" classname="demoTestNg.sampletest"/>
</testsuite> <!-- scondxml -->
