<?xml version="1.0" encoding="UTF-8"?>
<!-- Generated by org.testng.reporters.JUnitXMLReporter -->
<testsuite hostname="LAPTOP-MBB7JRKJ" ignored="0" name="Parallelclass1" tests="11" failures="0" timestamp="2021-01-12T14:48:21 CST" time="47.657" errors="0">
  <testcase name="LaunchBrowser" time="15.843" classname="demoTestNg.Assertions"/>
  <testcase name="search" time="7.251" classname="demoTestNg.Assertions"/>
  <testcase name="createuser" time="0.0" classname="demoTestNg.Assertions"/>
  <testcase name="search" time="6.428" classname="demoTestNg.DataProviderDemo"/>
  <testcase name="close" time="6.075" classname="demoTestNg.Assertions"/>
  <testcase name="search" time="6.164" classname="demoTestNg.DataProviderDemo"/>
  <testcase name="search" time="6.619" classname="demoTestNg.DataProviderDemo"/>
  <testcase name="createuser" time="0.001" classname="demoTestNg.DataProviderDemo"/>
  <testcase name="createuser" time="0.001" classname="demoTestNg.DataProviderDemo"/>
  <testcase name="createuser" time="0.0" classname="demoTestNg.DataProviderDemo"/>
  <testcase name="close" time="7.152" classname="demoTestNg.DataProviderDemo"/>
</testsuite> <!-- Parallelclass1 -->
