<?xml version="1.0" encoding="UTF-8"?>
<!-- Generated by org.testng.reporters.JUnitXMLReporter -->
<testsuite hostname="LAPTOP-MBB7JRKJ" ignored="0" name="package test" tests="7" failures="0" timestamp="09 Jan 2021 16:21:43 GMT" time="15.542" errors="0">
  <testcase name="login" time="0.01" classname="demoTestNg.BeforeAndAfterAnnotation"/>
  <testcase name="launchbrowser" time="11.04" classname="demoTestNg.sampletest"/>
  <testcase name="search" time="0.002" classname="demoTestNg.BeforeAndAfterAnnotation"/>
  <testcase name="search" time="4.416" classname="demoTestNg.sampletest"/>
  <testcase name="createuser" time="0.001" classname="demoTestNg.BeforeAndAfterAnnotation"/>
  <testcase name="createuser" time="0.001" classname="demoTestNg.sampletest"/>
  <testcase name="logout" time="0.002" classname="demoTestNg.sampletest"/>
</testsuite> <!-- package test -->
