<?xml version="1.0" encoding="UTF-8"?>
<!-- Generated by org.testng.reporters.JUnitXMLReporter -->
<testsuite hostname="LAPTOP-MBB7JRKJ" ignored="2" name="includeAndexclude" tests="6" failures="0" timestamp="09 Jan 2021 17:30:26 GMT" time="27.588" errors="0">
  <testcase name="login" time="0.021" classname="demoTestNg.BeforeAndAfterAnnotation"/>
  <testcase name="launchbrowser" time="13.211" classname="demoTestNg.sampletest"/>
  <testcase name="search" time="0.002" classname="demoTestNg.BeforeAndAfterAnnotation"/>
  <testcase name="search" time="14.3" classname="demoTestNg.sampletest"/>
  <testcase name="createuser" time="0.002" classname="demoTestNg.BeforeAndAfterAnnotation"/>
  <testcase name="logout" time="0.001" classname="demoTestNg.sampletest"/>
  <testcase name="createuser" time="0.0" classname="demoTestNg.sampletest">
    <ignored/>
  </testcase> <!-- createuser -->
  <testcase name="logout" time="0.0" classname="demoTestNg.BeforeAndAfterAnnotation">
    <ignored/>
  </testcase> <!-- logout -->
</testsuite> <!-- includeAndexclude -->
