<?xml version="1.0" encoding="UTF-8"?>
<!-- Generated by org.testng.reporters.JUnitXMLReporter -->
<testsuite hostname="LAPTOP-MBB7JRKJ" ignored="0" name="ParallelTest2" tests="7" failures="0" timestamp="11 Jan 2021 14:32:43 GMT" time="40.034" errors="0">
  <testcase name="search" time="6.613" classname="demoTestNg.DataProviderDemo"/>
  <testcase name="search" time="6.732" classname="demoTestNg.DataProviderDemo"/>
  <testcase name="search" time="6.746" classname="demoTestNg.DataProviderDemo"/>
  <testcase name="createuser" time="0.001" classname="demoTestNg.DataProviderDemo"/>
  <testcase name="createuser" time="0.001" classname="demoTestNg.DataProviderDemo"/>
  <testcase name="createuser" time="0.001" classname="demoTestNg.DataProviderDemo"/>
  <testcase name="close" time="7.177" classname="demoTestNg.DataProviderDemo"/>
</testsuite> <!-- ParallelTest2 -->
