<?xml version="1.0" encoding="UTF-8"?>
<!-- Generated by org.testng.reporters.JUnitXMLReporter -->
<testsuite hostname="LAPTOP-MBB7JRKJ" ignored="0" name="ParallelTest3" tests="4" failures="0" timestamp="11 Jan 2021 14:32:03 GMT" time="0.05" errors="0">
  <testcase name="logout" time="0.006" classname="demoTestNg.BeforeAndAfterAnnotation"/>
  <testcase name="login" time="0.003" classname="demoTestNg.BeforeAndAfterAnnotation"/>
  <testcase name="search" time="0.002" classname="demoTestNg.BeforeAndAfterAnnotation"/>
  <testcase name="createuser" time="0.001" classname="demoTestNg.BeforeAndAfterAnnotation"/>
</testsuite> <!-- ParallelTest3 -->
