<?xml version="1.0" encoding="UTF-8"?>
<!-- Generated by org.testng.reporters.JUnitXMLReporter -->
<testsuite hostname="LAPTOP-MBB7JRKJ" ignored="0" name="Params" tests="3" failures="0" timestamp="09 Jan 2021 23:26:19 GMT" time="18.006" errors="0">
  <testcase name="search" time="4.25" classname="demoTestNg.ParamsViaXML"/>
  <testcase name="create" time="0.001" classname="demoTestNg.ParamsViaXML"/>
  <testcase name="close" time="5.758" classname="demoTestNg.ParamsViaXML"/>
</testsuite> <!-- Params -->
